Build started 11/11/2012 4:34:28 PM.
     1>Project "C:\Users\Jonathan\Desktop\Team 13 Game\Team 13 Project\Team 13 Project\Team 13 Project.vcxproj" on node 2 (Build target(s)).
     1>ClCompile:
         C:\Program Files (x86)\Microsoft Visual Studio 11.0\VC\bin\CL.exe /c /ZI /nologo /W3 /WX- /Od /Oy- /D _MBCS /Gm /EHsc /RTC1 /MDd /GS /fp:precise /Zc:wchar_t /Zc:forScope /Fo"Debug\\" /Fd"Debug\vc110.pdb" /Gd /TP /analyze- /errorReport:prompt Assassin.cpp Audio.cpp Character.cpp Commander.cpp Enemy.cpp main.cpp Soldier.cpp Status.cpp
         Status.cpp
         Soldier.cpp
         main.cpp
         Enemy.cpp
         Commander.cpp
         Character.cpp
         Audio.cpp
         Assassin.cpp
         Generating Code...
       Link:
         C:\Program Files (x86)\Microsoft Visual Studio 11.0\VC\bin\link.exe /ERRORREPORT:PROMPT /OUT:"C:\Users\Jonathan\Desktop\Team 13 Game\Team 13 Project\Debug\Team 13 Project.exe" /INCREMENTAL /NOLOGO kernel32.lib user32.lib gdi32.lib winspool.lib comdlg32.lib advapi32.lib shell32.lib ole32.lib oleaut32.lib uuid.lib odbc32.lib odbccp32.lib /MANIFEST /MANIFESTUAC:"level='asInvoker' uiAccess='false'" /manifest:embed /DEBUG /PDB:"C:\Users\Jonathan\Desktop\Team 13 Game\Team 13 Project\Debug\Team 13 Project.pdb" /TLBID:1 /DYNAMICBASE /NXCOMPAT /IMPLIB:"C:\Users\Jonathan\Desktop\Team 13 Game\Team 13 Project\Debug\Team 13 Project.lib" /MACHINE:X86 Debug\Assassin.obj
         Debug\Audio.obj
         Debug\Character.obj
         Debug\Commander.obj
         Debug\Enemy.obj
         Debug\main.obj
         Debug\Soldier.obj
         Debug\Status.obj
         Team 13 Project.vcxproj -> C:\Users\Jonathan\Desktop\Team 13 Game\Team 13 Project\Debug\Team 13 Project.exe
     1>Done Building Project "C:\Users\Jonathan\Desktop\Team 13 Game\Team 13 Project\Team 13 Project\Team 13 Project.vcxproj" (Build target(s)).

Build succeeded.

Time Elapsed 00:00:04.23
